<?xml version="1.0" encoding="UTF-8"?>
<testng-results ignored="0" total="1" passed="1" failed="0" skipped="0">
  <reporter-output>
  </reporter-output>
  <suite started-at="2022-06-08T19:33:25 EDT" name="Default suite" finished-at="2022-06-08T19:33:25 EDT" duration-ms="55">
    <groups>
    </groups>
    <test started-at="2022-06-08T19:33:25 EDT" name="Default test" finished-at="2022-06-08T19:33:25 EDT" duration-ms="55">
      <class name="problemSolvin.PrintOneToHundredWithOutIntegerNumbr">
        <test-method signature="howtoPrintWithOutIntNum()[pri:0, instance:problemSolvin.PrintOneToHundredWithOutIntegerNumbr@78aab498]" started-at="2022-06-08T19:33:25 EDT" name="howtoPrintWithOutIntNum" finished-at="2022-06-08T19:33:25 EDT" duration-ms="17" status="PASS">
          <reporter-output>
          </reporter-output>
        </test-method> <!-- howtoPrintWithOutIntNum -->
      </class> <!-- problemSolvin.PrintOneToHundredWithOutIntegerNumbr -->
    </test> <!-- Default test -->
  </suite> <!-- Default suite -->
</testng-results>
